# JRE version: Java(TM) SE Runtime Environment (8.0_65-b17) (build 1.8.0_65-b17)
# Java VM: Java HotSpot(TM) 64-Bit Server VM (25.65-b01 mixed mode linux-amd64 compressed oops)
Heap:
 PSYoungGen      total 130048K, used 7654K [0x00000000eab00000, 0x00000000f3200000, 0x0000000100000000)
  eden space 122368K, 0% used [0x00000000eab00000,0x00000000eab00000,0x00000000f2280000)
  from space 7680K, 99% used [0x00000000f2280000,0x00000000f29f98a0,0x00000000f2a00000)
  to   space 7168K, 0% used [0x00000000f2a00000,0x00000000f2a00000,0x00000000f3100000)
 ParOldGen       total 29184K, used 8414K [0x00000000c0000000, 0x00000000c1c80000, 0x00000000eab00000)
  object space 29184K, 28% used [0x00000000c0000000,0x00000000c0837ad0,0x00000000c1c80000)
 Metaspace       used 29384K, capacity 29608K, committed 30080K, reserved 1075200K
  class space    used 4054K, capacity 4109K, committed 4224K, reserved 1048576K
GC Heap History (10 events):
Event: 1.089 GC heap after
Heap after GC invocations=3 (full 0):
 PSYoungGen      total 33280K, used 2536K [0x00000000eab00000, 0x00000000eec00000, 0x0000000100000000)
  eden space 30720K, 0% used [0x00000000eab00000,0x00000000eab00000,0x00000000ec900000)
  from space 2560K, 99% used [0x00000000ec900000,0x00000000ecb7a170,0x00000000ecb80000)
  to   space 2560K, 0% used [0x00000000ee980000,0x00000000ee980000,0x00000000eec00000)
 ParOldGen       total 40960K, used 712K [0x00000000c0000000, 0x00000000c2800000, 0x00000000eab00000)
  object space 40960K, 1% used [0x00000000c0000000,0x00000000c00b22a8,0x00000000c2800000)
 Metaspace       used 8249K, capacity 8756K, committed 8960K, reserved 1056768K
  class space    used 1208K, capacity 1264K, committed 1280K, reserved 1048576K
}
Event: 1.886 GC heap before
{Heap before GC invocations=4 (full 0):
 PSYoungGen      total 33280K, used 33256K [0x00000000eab00000, 0x00000000eec00000, 0x0000000100000000)
  eden space 30720K, 100% used [0x00000000eab00000,0x00000000ec900000,0x00000000ec900000)
  from space 2560K, 99% used [0x00000000ec900000,0x00000000ecb7a170,0x00000000ecb80000)
  to   space 2560K, 0% used [0x00000000ee980000,0x00000000ee980000,0x00000000eec00000)
 ParOldGen       total 40960K, used 712K [0x00000000c0000000, 0x00000000c2800000, 0x00000000eab00000)
  object space 40960K, 1% used [0x00000000c0000000,0x00000000c00b22a8,0x00000000c2800000)
 Metaspace       used 12787K, capacity 12896K, committed 13184K, reserved 1060864K
  class space    used 1830K, capacity 1874K, committed 1920K, reserved 1048576K
Event: 1.897 GC heap after
Heap after GC invocations=4 (full 0):
 PSYoungGen      total 64000K, used 2551K [0x00000000eab00000, 0x00000000eec00000, 0x0000000100000000)
  eden space 61440K, 0% used [0x00000000eab00000,0x00000000eab00000,0x00000000ee700000)
  from space 2560K, 99% used [0x00000000ee980000,0x00000000eebfdf08,0x00000000eec00000)
  to   space 2560K, 0% used [0x00000000ee700000,0x00000000ee700000,0x00000000ee980000)
 ParOldGen       total 40960K, used 2552K [0x00000000c0000000, 0x00000000c2800000, 0x00000000eab00000)
  object space 40960K, 6% used [0x00000000c0000000,0x00000000c027e2f8,0x00000000c2800000)
 Metaspace       used 12787K, capacity 12896K, committed 13184K, reserved 1060864K
  class space    used 1830K, capacity 1874K, committed 1920K, reserved 1048576K
}
Event: 2.793 GC heap before
{Heap before GC invocations=5 (full 0):
 PSYoungGen      total 64000K, used 63991K [0x00000000eab00000, 0x00000000eec00000, 0x0000000100000000)
  eden space 61440K, 100% used [0x00000000eab00000,0x00000000ee700000,0x00000000ee700000)
  from space 2560K, 99% used [0x00000000ee980000,0x00000000eebfdf08,0x00000000eec00000)
  to   space 2560K, 0% used [0x00000000ee700000,0x00000000ee700000,0x00000000ee980000)
 ParOldGen       total 40960K, used 2552K [0x00000000c0000000, 0x00000000c2800000, 0x00000000eab00000)
  object space 40960K, 6% used [0x00000000c0000000,0x00000000c027e2f8,0x00000000c2800000)
 Metaspace       used 17430K, capacity 17662K, committed 18048K, reserved 1064960K
  class space    used 2497K, capacity 2565K, committed 2688K, reserved 1048576K
Event: 2.804 GC heap after
Heap after GC invocations=5 (full 0):
 PSYoungGen      total 64000K, used 2553K [0x00000000eab00000, 0x00000000f3100000, 0x0000000100000000)
  eden space 61440K, 0% used [0x00000000eab00000,0x00000000eab00000,0x00000000ee700000)
  from space 2560K, 99% used [0x00000000ee700000,0x00000000ee97e628,0x00000000ee980000)
  to   space 7168K, 0% used [0x00000000f2a00000,0x00000000f2a00000,0x00000000f3100000)
 ParOldGen       total 40960K, used 6394K [0x00000000c0000000, 0x00000000c2800000, 0x00000000eab00000)
  object space 40960K, 15% used [0x00000000c0000000,0x00000000c063ebb8,0x00000000c2800000)
 Metaspace       used 17430K, capacity 17662K, committed 18048K, reserved 1064960K
  class space    used 2497K, capacity 2565K, committed 2688K, reserved 1048576K
}
Event: 3.423 GC heap before
{Heap before GC invocations=6 (full 0):
 PSYoungGen      total 64000K, used 39855K [0x00000000eab00000, 0x00000000f3100000, 0x0000000100000000)
  eden space 61440K, 60% used [0x00000000eab00000,0x00000000ecf6d990,0x00000000ee700000)
  from space 2560K, 99% used [0x00000000ee700000,0x00000000ee97e628,0x00000000ee980000)
  to   space 7168K, 0% used [0x00000000f2a00000,0x00000000f2a00000,0x00000000f3100000)
 ParOldGen       total 40960K, used 6394K [0x00000000c0000000, 0x00000000c2800000, 0x00000000eab00000)
  object space 40960K, 15% used [0x00000000c0000000,0x00000000c063ebb8,0x00000000c2800000)
 Metaspace       used 20876K, capacity 21060K, committed 21248K, reserved 1067008K
  class space    used 2929K, capacity 3015K, committed 3072K, reserved 1048576K
Event: 3.436 GC heap after
Heap after GC invocations=6 (full 0):
 PSYoungGen      total 129536K, used 5702K [0x00000000eab00000, 0x00000000f3200000, 0x0000000100000000)
  eden space 122368K, 0% used [0x00000000eab00000,0x00000000eab00000,0x00000000f2280000)
  from space 7168K, 79% used [0x00000000f2a00000,0x00000000f2f91930,0x00000000f3100000)
  to   space 7680K, 0% used [0x00000000f2280000,0x00000000f2280000,0x00000000f2a00000)
 ParOldGen       total 40960K, used 6466K [0x00000000c0000000, 0x00000000c2800000, 0x00000000eab00000)
  object space 40960K, 15% used [0x00000000c0000000,0x00000000c0650bc8,0x00000000c2800000)
 Metaspace       used 20876K, capacity 21060K, committed 21248K, reserved 1067008K
  class space    used 2929K, capacity 3015K, committed 3072K, reserved 1048576K
}
Event: 3.436 GC heap before
{Heap before GC invocations=7 (full 1):
 PSYoungGen      total 129536K, used 5702K [0x00000000eab00000, 0x00000000f3200000, 0x0000000100000000)
  eden space 122368K, 0% used [0x00000000eab00000,0x00000000eab00000,0x00000000f2280000)
  from space 7168K, 79% used [0x00000000f2a00000,0x00000000f2f91930,0x00000000f3100000)
  to   space 7680K, 0% used [0x00000000f2280000,0x00000000f2280000,0x00000000f2a00000)
 ParOldGen       total 40960K, used 6466K [0x00000000c0000000, 0x00000000c2800000, 0x00000000eab00000)
  object space 40960K, 15% used [0x00000000c0000000,0x00000000c0650bc8,0x00000000c2800000)
 Metaspace       used 20876K, capacity 21060K, committed 21248K, reserved 1067008K
  class space    used 2929K, capacity 3015K, committed 3072K, reserved 1048576K
Event: 3.470 GC heap after
Heap after GC invocations=7 (full 1):
 PSYoungGen      total 129536K, used 0K [0x00000000eab00000, 0x00000000f3200000, 0x0000000100000000)
  eden space 122368K, 0% used [0x00000000eab00000,0x00000000eab00000,0x00000000f2280000)
  from space 7168K, 0% used [0x00000000f2a00000,0x00000000f2a00000,0x00000000f3100000)
  to   space 7680K, 0% used [0x00000000f2280000,0x00000000f2280000,0x00000000f2a00000)
 ParOldGen       total 29184K, used 6255K [0x00000000c0000000, 0x00000000c1c80000, 0x00000000eab00000)
  object space 29184K, 21% used [0x00000000c0000000,0x00000000c061be78,0x00000000c1c80000)
 Metaspace       used 20876K, capacity 21060K, committed 21248K, reserved 1067008K
  class space    used 2929K, capacity 3015K, committed 3072K, reserved 1048576K
}
Event: 6.297 GC heap before
{Heap before GC invocations=8 (full 1):
 PSYoungGen      total 129536K, used 122368K [0x00000000eab00000, 0x00000000f3200000, 0x0000000100000000)
  eden space 122368K, 100% used [0x00000000eab00000,0x00000000f2280000,0x00000000f2280000)
  from space 7168K, 0% used [0x00000000f2a00000,0x00000000f2a00000,0x00000000f3100000)
  to   space 7680K, 0% used [0x00000000f2280000,0x00000000f2280000,0x00000000f2a00000)
 ParOldGen       total 29184K, used 6255K [0x00000000c0000000, 0x00000000c1c80000, 0x00000000eab00000)
  object space 29184K, 21% used [0x00000000c0000000,0x00000000c061be78,0x00000000c1c80000)
 Metaspace       used 29384K, capacity 29608K, committed 30080K, reserved 1075200K
  class space    used 4054K, capacity 4109K, committed 4224K, reserved 1048576K

