# JRE version: Java(TM) SE Runtime Environment (8.0_65-b17) (build 1.8.0_65-b17)
# Java VM: Java HotSpot(TM) 64-Bit Server VM (25.65-b01 mixed mode linux-amd64 compressed oops)
Heap:
 PSYoungGen      total 105472K, used 7165K [0x00000000eab00000, 0x00000000f2380000, 0x0000000100000000)
  eden space 98304K, 0% used [0x00000000eab00000,0x00000000eab00000,0x00000000f0b00000)
  from space 7168K, 99% used [0x00000000f0b00000,0x00000000f11ff600,0x00000000f1200000)
  to   space 5632K, 0% used [0x00000000f1200000,0x00000000f1200000,0x00000000f1780000)
 ParOldGen       total 42496K, used 12299K [0x00000000c0000000, 0x00000000c2980000, 0x00000000eab00000)
  object space 42496K, 28% used [0x00000000c0000000,0x00000000c0c02d80,0x00000000c2980000)
 Metaspace       used 42365K, capacity 42586K, committed 43008K, reserved 1087488K
  class space    used 5728K, capacity 5809K, committed 5888K, reserved 1048576K
GC Heap History (10 events):
Event: 6.176 GC heap after
Heap after GC invocations=12 (full 1):
 PSYoungGen      total 51200K, used 0K [0x00000000eab00000, 0x00000000efd80000, 0x0000000100000000)
  eden space 47616K, 0% used [0x00000000eab00000,0x00000000eab00000,0x00000000ed980000)
  from space 3584K, 0% used [0x00000000ed980000,0x00000000ed980000,0x00000000edd00000)
  to   space 4096K, 0% used [0x00000000ef980000,0x00000000ef980000,0x00000000efd80000)
 ParOldGen       total 24576K, used 4341K [0x00000000c0000000, 0x00000000c1800000, 0x00000000eab00000)
  object space 24576K, 17% used [0x00000000c0000000,0x00000000c043d7c8,0x00000000c1800000)
 Metaspace       used 20883K, capacity 21064K, committed 21248K, reserved 1067008K
  class space    used 2928K, capacity 3015K, committed 3072K, reserved 1048576K
}
Event: 7.245 GC heap before
{Heap before GC invocations=13 (full 1):
 PSYoungGen      total 51200K, used 47616K [0x00000000eab00000, 0x00000000efd80000, 0x0000000100000000)
  eden space 47616K, 100% used [0x00000000eab00000,0x00000000ed980000,0x00000000ed980000)
  from space 3584K, 0% used [0x00000000ed980000,0x00000000ed980000,0x00000000edd00000)
  to   space 4096K, 0% used [0x00000000ef980000,0x00000000ef980000,0x00000000efd80000)
 ParOldGen       total 24576K, used 4341K [0x00000000c0000000, 0x00000000c1800000, 0x00000000eab00000)
  object space 24576K, 17% used [0x00000000c0000000,0x00000000c043d7c8,0x00000000c1800000)
 Metaspace       used 24083K, capacity 24300K, committed 24576K, reserved 1071104K
  class space    used 3399K, capacity 3469K, committed 3584K, reserved 1048576K
Event: 7.251 GC heap after
Heap after GC invocations=13 (full 1):
 PSYoungGen      total 73728K, used 3856K [0x00000000eab00000, 0x00000000efd80000, 0x0000000100000000)
  eden space 69632K, 0% used [0x00000000eab00000,0x00000000eab00000,0x00000000eef00000)
  from space 4096K, 94% used [0x00000000ef980000,0x00000000efd44120,0x00000000efd80000)
  to   space 4096K, 0% used [0x00000000ef580000,0x00000000ef580000,0x00000000ef980000)
 ParOldGen       total 24576K, used 4349K [0x00000000c0000000, 0x00000000c1800000, 0x00000000eab00000)
  object space 24576K, 17% used [0x00000000c0000000,0x00000000c043f7c8,0x00000000c1800000)
 Metaspace       used 24083K, capacity 24300K, committed 24576K, reserved 1071104K
  class space    used 3399K, capacity 3469K, committed 3584K, reserved 1048576K
}
Event: 9.631 GC heap before
{Heap before GC invocations=14 (full 1):
 PSYoungGen      total 73728K, used 73488K [0x00000000eab00000, 0x00000000efd80000, 0x0000000100000000)
  eden space 69632K, 100% used [0x00000000eab00000,0x00000000eef00000,0x00000000eef00000)
  from space 4096K, 94% used [0x00000000ef980000,0x00000000efd44120,0x00000000efd80000)
  to   space 4096K, 0% used [0x00000000ef580000,0x00000000ef580000,0x00000000ef980000)
 ParOldGen       total 24576K, used 4349K [0x00000000c0000000, 0x00000000c1800000, 0x00000000eab00000)
  object space 24576K, 17% used [0x00000000c0000000,0x00000000c043f7c8,0x00000000c1800000)
 Metaspace       used 29208K, capacity 29420K, committed 29824K, reserved 1075200K
  class space    used 4036K, capacity 4109K, committed 4224K, reserved 1048576K
Event: 9.639 GC heap after
Heap after GC invocations=14 (full 1):
 PSYoungGen      total 80384K, used 4067K [0x00000000eab00000, 0x00000000f1780000, 0x0000000100000000)
  eden space 76288K, 0% used [0x00000000eab00000,0x00000000eab00000,0x00000000ef580000)
  from space 4096K, 99% used [0x00000000ef580000,0x00000000ef978cb8,0x00000000ef980000)
  to   space 5632K, 0% used [0x00000000f1200000,0x00000000f1200000,0x00000000f1780000)
 ParOldGen       total 24576K, used 7214K [0x00000000c0000000, 0x00000000c1800000, 0x00000000eab00000)
  object space 24576K, 29% used [0x00000000c0000000,0x00000000c070b9b0,0x00000000c1800000)
 Metaspace       used 29208K, capacity 29420K, committed 29824K, reserved 1075200K
  class space    used 4036K, capacity 4109K, committed 4224K, reserved 1048576K
}
Event: 10.828 GC heap before
{Heap before GC invocations=15 (full 1):
 PSYoungGen      total 80384K, used 70508K [0x00000000eab00000, 0x00000000f1780000, 0x0000000100000000)
  eden space 76288K, 87% used [0x00000000eab00000,0x00000000eebe2568,0x00000000ef580000)
  from space 4096K, 99% used [0x00000000ef580000,0x00000000ef978cb8,0x00000000ef980000)
  to   space 5632K, 0% used [0x00000000f1200000,0x00000000f1200000,0x00000000f1780000)
 ParOldGen       total 24576K, used 7214K [0x00000000c0000000, 0x00000000c1800000, 0x00000000eab00000)
  object space 24576K, 29% used [0x00000000c0000000,0x00000000c070b9b0,0x00000000c1800000)
 Metaspace       used 34937K, capacity 35116K, committed 35416K, reserved 1079296K
  class space    used 4697K, capacity 4749K, committed 4864K, reserved 1048576K
Event: 10.839 GC heap after
Heap after GC invocations=15 (full 1):
 PSYoungGen      total 103936K, used 5627K [0x00000000eab00000, 0x00000000f2380000, 0x0000000100000000)
  eden space 98304K, 0% used [0x00000000eab00000,0x00000000eab00000,0x00000000f0b00000)
  from space 5632K, 99% used [0x00000000f1200000,0x00000000f177ee78,0x00000000f1780000)
  to   space 7168K, 0% used [0x00000000f0b00000,0x00000000f0b00000,0x00000000f1200000)
 ParOldGen       total 24576K, used 9203K [0x00000000c0000000, 0x00000000c1800000, 0x00000000eab00000)
  object space 24576K, 37% used [0x00000000c0000000,0x00000000c08fcd20,0x00000000c1800000)
 Metaspace       used 34937K, capacity 35116K, committed 35416K, reserved 1079296K
  class space    used 4697K, capacity 4749K, committed 4864K, reserved 1048576K
}
Event: 10.839 GC heap before
{Heap before GC invocations=16 (full 2):
 PSYoungGen      total 103936K, used 5627K [0x00000000eab00000, 0x00000000f2380000, 0x0000000100000000)
  eden space 98304K, 0% used [0x00000000eab00000,0x00000000eab00000,0x00000000f0b00000)
  from space 5632K, 99% used [0x00000000f1200000,0x00000000f177ee78,0x00000000f1780000)
  to   space 7168K, 0% used [0x00000000f0b00000,0x00000000f0b00000,0x00000000f1200000)
 ParOldGen       total 24576K, used 9203K [0x00000000c0000000, 0x00000000c1800000, 0x00000000eab00000)
  object space 24576K, 37% used [0x00000000c0000000,0x00000000c08fcd20,0x00000000c1800000)
 Metaspace       used 34937K, capacity 35116K, committed 35416K, reserved 1079296K
  class space    used 4697K, capacity 4749K, committed 4864K, reserved 1048576K
Event: 10.915 GC heap after
Heap after GC invocations=16 (full 2):
 PSYoungGen      total 103936K, used 0K [0x00000000eab00000, 0x00000000f2380000, 0x0000000100000000)
  eden space 98304K, 0% used [0x00000000eab00000,0x00000000eab00000,0x00000000f0b00000)
  from space 5632K, 0% used [0x00000000f1200000,0x00000000f1200000,0x00000000f1780000)
  to   space 7168K, 0% used [0x00000000f0b00000,0x00000000f0b00000,0x00000000f1200000)
 ParOldGen       total 42496K, used 11896K [0x00000000c0000000, 0x00000000c2980000, 0x00000000eab00000)
  object space 42496K, 27% used [0x00000000c0000000,0x00000000c0b9e3b8,0x00000000c2980000)
 Metaspace       used 34937K, capacity 35116K, committed 35416K, reserved 1079296K
  class space    used 4697K, capacity 4749K, committed 4864K, reserved 1048576K
}
Event: 21.052 GC heap before
{Heap before GC invocations=17 (full 2):
 PSYoungGen      total 103936K, used 98304K [0x00000000eab00000, 0x00000000f2380000, 0x0000000100000000)
  eden space 98304K, 100% used [0x00000000eab00000,0x00000000f0b00000,0x00000000f0b00000)
  from space 5632K, 0% used [0x00000000f1200000,0x00000000f1200000,0x00000000f1780000)
  to   space 7168K, 0% used [0x00000000f0b00000,0x00000000f0b00000,0x00000000f1200000)
 ParOldGen       total 42496K, used 11896K [0x00000000c0000000, 0x00000000c2980000, 0x00000000eab00000)
  object space 42496K, 27% used [0x00000000c0000000,0x00000000c0b9e3b8,0x00000000c2980000)
 Metaspace       used 42365K, capacity 42586K, committed 43008K, reserved 1087488K
  class space    used 5728K, capacity 5809K, committed 5888K, reserved 1048576K

